<?xml version="1.0" encoding="UTF-8"?>
<testng-results skipped="0" failed="0" total="2" passed="2">
  <reporter-output>
  </reporter-output>
  <suite name="com.facebook.tests.Testng" duration-ms="35211" started-at="2015-05-16T21:04:40Z" finished-at="2015-05-16T21:05:16Z">
    <groups>
    </groups>
    <test name="Command line test" duration-ms="35211" started-at="2015-05-16T21:04:40Z" finished-at="2015-05-16T21:05:16Z">
      <class name="com.facebook.tests.Testng">
        <test-method status="PASS" signature="setup()[pri:0, instance:com.facebook.tests.Testng@1fee20c]" name="setup" is-config="true" duration-ms="16922" started-at="2015-05-16T22:04:40Z" finished-at="2015-05-16T22:04:57Z">
          <reporter-output>
          </reporter-output>
        </test-method> <!-- setup -->
        <test-method status="PASS" signature="loadPage()[pri:0, instance:com.facebook.tests.Testng@1fee20c]" name="loadPage" duration-ms="6842" started-at="2015-05-16T22:04:57Z" finished-at="2015-05-16T22:05:04Z">
          <reporter-output>
          </reporter-output>
        </test-method> <!-- loadPage -->
        <test-method status="PASS" signature="fillForm()[pri:0, instance:com.facebook.tests.Testng@1fee20c]" name="fillForm" duration-ms="11321" started-at="2015-05-16T22:05:04Z" depends-on-methods="com.facebook.tests.Testng.loadPage" finished-at="2015-05-16T22:05:15Z">
          <reporter-output>
          </reporter-output>
        </test-method> <!-- fillForm -->
        <test-method status="PASS" signature="tearDown()[pri:0, instance:com.facebook.tests.Testng@1fee20c]" name="tearDown" is-config="true" duration-ms="86" started-at="2015-05-16T22:05:15Z" finished-at="2015-05-16T22:05:16Z">
          <reporter-output>
          </reporter-output>
        </test-method> <!-- tearDown -->
      </class> <!-- com.facebook.tests.Testng -->
    </test> <!-- Command line test -->
  </suite> <!-- com.facebook.tests.Testng -->
</testng-results>
